c:\users\igfi\desktop\abdou\vs_projects\proj1\proj1\x64\debug\proj1.pch
c:\users\igfi\desktop\abdou\vs_projects\proj1\proj1\x64\debug\vc140.pdb
c:\users\igfi\desktop\abdou\vs_projects\proj1\proj1\x64\debug\vc140.idb
c:\users\igfi\desktop\abdou\vs_projects\proj1\proj1\x64\debug\stdafx.obj
c:\users\igfi\desktop\abdou\vs_projects\proj1\proj1\x64\debug\bson.obj
c:\users\igfi\desktop\abdou\vs_projects\proj1\proj1\x64\debug\bsonserializer.obj
c:\users\igfi\desktop\abdou\vs_projects\proj1\proj1\x64\debug\client.obj
c:\users\igfi\desktop\abdou\vs_projects\proj1\proj1\x64\debug\collection.obj
c:\users\igfi\desktop\abdou\vs_projects\proj1\proj1\x64\debug\cursor.obj
c:\users\igfi\desktop\abdou\vs_projects\proj1\proj1\x64\debug\database.obj
c:\users\igfi\desktop\abdou\vs_projects\proj1\proj1\x64\debug\deletereturn.obj
c:\users\igfi\desktop\abdou\vs_projects\proj1\proj1\x64\debug\documentserializer.obj
c:\users\igfi\desktop\abdou\vs_projects\proj1\proj1\x64\debug\insertmanyreturn.obj
c:\users\igfi\desktop\abdou\vs_projects\proj1\proj1\x64\debug\proj1.obj
c:\users\igfi\desktop\abdou\vs_projects\proj1\proj1\x64\debug\updatereturn.obj
c:\users\igfi\desktop\abdou\vs_projects\proj1\proj1\x64\debug\bsonserializer2.obj
c:\users\igfi\desktop\abdou\vs_projects\proj1\x64\debug\proj1.ilk
c:\users\igfi\desktop\abdou\vs_projects\proj1\x64\debug\proj1.exe
c:\users\igfi\desktop\abdou\vs_projects\proj1\x64\debug\proj1.pdb
c:\users\igfi\desktop\abdou\vs_projects\proj1\proj1\x64\debug\vcpkg.applocal.log
c:\users\igfi\desktop\abdou\vs_projects\proj1\x64\debug\bson-1.0.dll
c:\users\igfi\desktop\abdou\vs_projects\proj1\x64\debug\mongoc-1.0.dll
c:\users\igfi\desktop\abdou\vs_projects\proj1\x64\debug\zlibd1.dll
c:\users\igfi\desktop\abdou\vs_projects\proj1\proj1\x64\debug\proj1.tlog\cl.command.1.tlog
c:\users\igfi\desktop\abdou\vs_projects\proj1\proj1\x64\debug\proj1.tlog\cl.read.1.tlog
c:\users\igfi\desktop\abdou\vs_projects\proj1\proj1\x64\debug\proj1.tlog\cl.write.1.tlog
c:\users\igfi\desktop\abdou\vs_projects\proj1\proj1\x64\debug\proj1.tlog\link.command.1.tlog
c:\users\igfi\desktop\abdou\vs_projects\proj1\proj1\x64\debug\proj1.tlog\link.read.1.tlog
c:\users\igfi\desktop\abdou\vs_projects\proj1\proj1\x64\debug\proj1.tlog\link.write.1.tlog
c:\users\igfi\desktop\abdou\vs_projects\proj1\proj1\x64\debug\proj1.tlog\proj1.write.1u.tlog
